<?xml version="1.0" encoding="UTF-8"?>
<testsuite name="runners.RunnerBuscarClienteTest" tests="0" skipped="0" failures="0" errors="0" timestamp="1970-01-01T00:00:00" hostname="DESKTOP-GTDSGL0" time="0.0">
  <properties/>
  <system-out><![CDATA[
?[31mFailed scenarios:?[0m
?[31msrc/test/resources/features/buscarCliente.feature:14 ?[0m# Buscar un cliente exitoso

1 Scenarios (?[31m1 failed?[0m)
4 Steps (?[31m1 failed?[0m, ?[36m1 skipped?[0m, ?[32m2 passed?[0m)
0m27,468s

java.lang.NullPointerException
	at steps.BuscarClienteStep.abrirNorthwindSection(BuscarClienteStep.java:16)
	at definitions.BuscarClienteDefinition.el_usuario_introduce_un_de_cliente_en_la_barra_de_busqueda(BuscarClienteDefinition.java:14)
	at ?.el usuario introduce un "ALFKI" de cliente en la barra de busqueda(src/test/resources/features/buscarCliente.feature:9)

]]></system-out>
  <system-err><![CDATA[[Test worker] INFO net.thucydides.core.steps.ConsoleLoggingListener - 

-------------------------------------------------------------------------------------
     _______. _______ .______       _______ .__   __.  __  .___________.____    ____ 
    /       ||   ____||   _  \     |   ____||  \ |  | |  | |           |\   \  /   / 
   |   (----`|  |__   |  |_)  |    |  |__   |   \|  | |  | `---|  |----` \   \/   /  
    \   \    |   __|  |      /     |   __|  |  . `  | |  |     |  |       \_    _/   
.----)   |   |  |____ |  |\  \----.|  |____ |  |\   | |  |     |  |         |  |     
|_______/    |_______|| _| `._____||_______||__| \__| |__|     |__|         |__|    
                                                                                     
 News and tutorials at http://www.serenity-bdd.info                                  
 Documentation at https://wakaleo.gitbooks.io/the-serenity-book/content/             
 Join the Serenity Community on Rocket Chat at https://serenity-bdd.rocket.chat      
 Serenity BDD Support and Training at http://serenity-bdd.info/#/trainingandsupport  
 Learn Serenity BDD online at http://serenity-dojo.com                               
-------------------------------------------------------------------------------------

[Test worker] INFO net.thucydides.core.steps.ConsoleLoggingListener - Test Suite Started: Buscar un cliente
[Test worker] INFO net.thucydides.core.steps.ConsoleLoggingListener - 
 _____ _____ ____ _____   ____ _____  _    ____ _____ _____ ____  
|_   _| ____/ ___|_   _| / ___|_   _|/ \  |  _ \_   _| ____|  _ \ 
  | | |  _| \___ \ | |   \___ \ | | / _ \ | |_) || | |  _| | | | |
  | | | |___ ___) || |    ___) || |/ ___ \|  _ < | | | |___| |_| |
  |_| |_____|____/ |_|   |____/ |_/_/   \_\_| \_\|_| |_____|____/ 
                                                                  

TEST STARTED: Buscar un cliente exitoso
-------------------------------------------------------------------(buscar-un-cliente;buscar-un-cliente-exitoso)
]]></system-err>
</testsuite>
